[    0.000000] Initializing cgroup subsys cpuset
[    0.000000] Initializing cgroup subsys cpu
[    0.000000] Initializing cgroup subsys cpuacct
[    0.000000] Linux version 4.4.0-173-generic (buildd@lgw01-amd64-037) (gcc version 5.4.0 20160609 (Ubuntu 5.4.0-6ubuntu1~16.04.12) ) #203-Ubuntu SMP Wed Jan 15 02:55:01 UTC 2020 (Ubuntu 4.4.0-173.203-generic 4.4.208)
[    0.000000] Command line: BOOT_IMAGE=/boot/vmlinuz-4.4.0-173-generic root=LABEL=cloudimg-rootfs ro console=tty1 console=ttyS0
[    0.000000] KERNEL supported cpus:
[    0.000000]   Intel GenuineIntel
[    0.000000]   AMD AuthenticAMD
[    0.000000]   Centaur CentaurHauls
[    0.000000] x86/fpu: xstate_offset[2]:  576, xstate_sizes[2]:  256
[    0.000000] x86/fpu: Supporting XSAVE feature 0x01: 'x87 floating point registers'
[    0.000000] x86/fpu: Supporting XSAVE feature 0x02: 'SSE registers'
[    0.000000] x86/fpu: Supporting XSAVE feature 0x04: 'AVX registers'
[    0.000000] x86/fpu: Enabled xstate features 0x7, context size is 832 bytes, using 'standard' format.
[    0.000000] e820: BIOS-provided physical RAM map:
[    0.000000] BIOS-e820: [mem 0x0000000000000000-0x000000000009fbff] usable
[    0.000000] BIOS-e820: [mem 0x000000000009fc00-0x000000000009ffff] reserved
[    0.000000] BIOS-e820: [mem 0x00000000000f0000-0x00000000000fffff] reserved
[    0.000000] BIOS-e820: [mem 0x0000000000100000-0x000000003ffeffff] usable
[    0.000000] BIOS-e820: [mem 0x000000003fff0000-0x000000003fffffff] ACPI data
[    0.000000] BIOS-e820: [mem 0x00000000fec00000-0x00000000fec00fff] reserved
[    0.000000] BIOS-e820: [mem 0x00000000fee00000-0x00000000fee00fff] reserved
[    0.000000] BIOS-e820: [mem 0x00000000fffc0000-0x00000000ffffffff] reserved
[    0.000000] NX (Execute Disable) protection: active
[    0.000000] SMBIOS 2.5 present.
[    0.000000] Hypervisor detected: KVM
[    0.000000] e820: last_pfn = 0x3fff0 max_arch_pfn = 0x400000000
[    0.000000] MTRR: Disabled
[    0.000000] x86/PAT: MTRRs disabled, skipping PAT initialization too.
[    0.000000] CPU MTRRs all blank - virtualized system.
[    0.000000] x86/PAT: Configuration [0-7]: WB  WT  UC- UC  WB  WT  UC- UC  
[    0.000000] found SMP MP-table at [mem 0x0009fff0-0x0009ffff] mapped at [ffff88000009fff0]
[    0.000000] Scanning 1 areas for low memory corruption
[    0.000000] RAMDISK: [mem 0x362e4000-0x37169fff]
[    0.000000] ACPI: Early table checksum verification disabled
[    0.000000] ACPI: RSDP 0x00000000000E0000 000024 (v02 VBOX  )
[    0.000000] ACPI: XSDT 0x000000003FFF0030 00003C (v01 VBOX   VBOXXSDT 00000001 ASL  00000061)
[    0.000000] ACPI: FACP 0x000000003FFF00F0 0000F4 (v04 VBOX   VBOXFACP 00000001 ASL  00000061)
[    0.000000] ACPI: DSDT 0x000000003FFF0470 002325 (v02 VBOX   VBOXBIOS 00000002 INTL 20100528)
[    0.000000] ACPI: FACS 0x000000003FFF0200 000040
[    0.000000] ACPI: FACS 0x000000003FFF0200 000040
[    0.000000] ACPI: APIC 0x000000003FFF0240 00005C (v02 VBOX   VBOXAPIC 00000001 ASL  00000061)
[    0.000000] ACPI: SSDT 0x000000003FFF02A0 0001CC (v01 VBOX   VBOXCPUT 00000002 INTL 20100528)
[    0.000000] No NUMA configuration found
[    0.000000] Faking a node at [mem 0x0000000000000000-0x000000003ffeffff]
[    0.000000] NODE_DATA(0) allocated [mem 0x3ffeb000-0x3ffeffff]
[    0.000000] kvm-clock: Using msrs 4b564d01 and 4b564d00
[    0.000000] kvm-clock: cpu 0, msr 0:3ffe3001, primary cpu clock
[    0.000000] kvm-clock: using sched offset of 3678085100 cycles
[    0.000000] clocksource: kvm-clock: mask: 0xffffffffffffffff max_cycles: 0x1cd42e4dffb, max_idle_ns: 881590591483 ns
[    0.000000] Zone ranges:
[    0.000000]   DMA      [mem 0x0000000000001000-0x0000000000ffffff]
[    0.000000]   DMA32    [mem 0x0000000001000000-0x000000003ffeffff]
[    0.000000]   Normal   empty
[    0.000000]   Device   empty
[    0.000000] Movable zone start for each node
[    0.000000] Early memory node ranges
[    0.000000]   node   0: [mem 0x0000000000001000-0x000000000009efff]
[    0.000000]   node   0: [mem 0x0000000000100000-0x000000003ffeffff]
[    0.000000] Initmem setup node 0 [mem 0x0000000000001000-0x000000003ffeffff]
[    0.000000] ACPI: PM-Timer IO Port: 0x4008
[    0.000000] IOAPIC[0]: apic_id 2, version 32, address 0xfec00000, GSI 0-23
[    0.000000] ACPI: INT_SRC_OVR (bus 0 bus_irq 0 global_irq 2 dfl dfl)
[    0.000000] ACPI: INT_SRC_OVR (bus 0 bus_irq 9 global_irq 9 low level)
[    0.000000] Using ACPI (MADT) for SMP configuration information
[    0.000000] smpboot: Allowing 2 CPUs, 0 hotplug CPUs
[    0.000000] PM: Registered nosave memory: [mem 0x00000000-0x00000fff]
[    0.000000] PM: Registered nosave memory: [mem 0x0009f000-0x0009ffff]
[    0.000000] PM: Registered nosave memory: [mem 0x000a0000-0x000effff]
[    0.000000] PM: Registered nosave memory: [mem 0x000f0000-0x000fffff]
[    0.000000] e820: [mem 0x40000000-0xfebfffff] available for PCI devices
[    0.000000] Booting paravirtualized kernel on KVM
[    0.000000] clocksource: refined-jiffies: mask: 0xffffffff max_cycles: 0xffffffff, max_idle_ns: 7645519600211568 ns
[    0.000000] setup_percpu: NR_CPUS:512 nr_cpumask_bits:512 nr_cpu_ids:2 nr_node_ids:1
[    0.000000] PERCPU: Embedded 33 pages/cpu @ffff88003fc00000 s95448 r8192 d31528 u1048576
[    0.000000] Built 1 zonelists in Node order, mobility grouping on.  Total pages: 257912
[    0.000000] Policy zone: DMA32
[    0.000000] Kernel command line: BOOT_IMAGE=/boot/vmlinuz-4.4.0-173-generic root=LABEL=cloudimg-rootfs ro console=tty1 console=ttyS0
[    0.000000] PID hash table entries: 4096 (order: 3, 32768 bytes)
[    0.000000] Memory: 997680K/1048120K available (8626K kernel code, 1336K rwdata, 4032K rodata, 1488K init, 1292K bss, 50440K reserved, 0K cma-reserved)
[    0.000000] SLUB: HWalign=64, Order=0-3, MinObjects=0, CPUs=2, Nodes=1
[    0.000000] Kernel/User page tables isolation: enabled
[    0.000000] Hierarchical RCU implementation.
[    0.000000] 	Build-time adjustment of leaf fanout to 64.
[    0.000000] 	RCU restricting CPUs from NR_CPUS=512 to nr_cpu_ids=2.
[    0.000000] RCU: Adjusting geometry for rcu_fanout_leaf=64, nr_cpu_ids=2
[    0.000000] NR_IRQS:33024 nr_irqs:440 16
[    0.000000] Console: colour VGA+ 80x25
[    0.000000] console [tty1] enabled
[    0.000000] console [ttyS0] enabled
[    0.000000] tsc: Detected 2394.458 MHz processor
[    0.162747] Calibrating delay loop (skipped) preset value.. 4788.91 BogoMIPS (lpj=9577832)
[    0.164561] pid_max: default: 32768 minimum: 301
[    0.165540] ACPI: Core revision 20150930
[    0.167602] ACPI: 2 ACPI AML tables successfully acquired and loaded
[    0.169013] Security Framework initialized
[    0.169884] Yama: becoming mindful.
[    0.170743] AppArmor: AppArmor initialized
[    0.171740] Dentry cache hash table entries: 131072 (order: 8, 1048576 bytes)
[    0.176985] Inode-cache hash table entries: 65536 (order: 7, 524288 bytes)
[    0.178467] Mount-cache hash table entries: 2048 (order: 2, 16384 bytes)
[    0.179774] Mountpoint-cache hash table entries: 2048 (order: 2, 16384 bytes)
[    0.181378] Initializing cgroup subsys io
[    0.182343] Initializing cgroup subsys memory
[    0.183296] Initializing cgroup subsys devices
[    0.184223] Initializing cgroup subsys freezer
[    0.185180] Initializing cgroup subsys net_cls
[    0.186132] Initializing cgroup subsys perf_event
[    0.187131] Initializing cgroup subsys net_prio
[    0.188124] Initializing cgroup subsys hugetlb
[    0.189077] Initializing cgroup subsys pids
[    0.191030] mce: CPU supports 0 MCE banks
[    0.192128] Last level iTLB entries: 4KB 64, 2MB 8, 4MB 8
[    0.193249] Last level dTLB entries: 4KB 64, 2MB 0, 4MB 0, 1GB 4
[    0.194471] Spectre V1 : Mitigation: usercopy/swapgs barriers and __user pointer sanitization
[    0.196557] Spectre V2 : Mitigation: Full generic retpoline
[    0.197714] Spectre V2 : Spectre v2 / SpectreRSB mitigation: Filling RSB on context switch
[    0.199503] Speculative Store Bypass: Vulnerable
[    0.200663] MDS: Vulnerable: Clear CPU buffers attempted, no microcode
[    0.204871] Freeing SMP alternatives memory: 36K
[    0.212146] ftrace: allocating 32304 entries in 127 pages
[    0.278394] smpboot: APIC(0) Converting physical 0 to logical package 0
[    0.280014] smpboot: Max logical packages: 1
[    0.281469] x2apic enabled
[    0.282523] Switched APIC routing to physical x2apic.
[    0.284998] ..TIMER: vector=0x30 apic1=0 pin1=2 apic2=-1 pin2=-1
[    0.394505] smpboot: CPU0: Intel(R) Core(TM) i7-5500U CPU @ 2.40GHz (family: 0x6, model: 0x3d, stepping: 0x4)
[    0.396802] Performance Events: unsupported p6 CPU model 61 no PMU driver, software events only.
[    0.418214] KVM setup paravirtual spinlock
[    0.419879] x86: Booting SMP configuration:
[    0.420828] .... node  #0, CPUs:      #1
[    0.421918] kvm-clock: cpu 1, msr 0:3ffe3041, secondary cpu clock
[    0.423984] mce: CPU supports 0 MCE banks
[    0.426724] x86: Booted up 1 node, 2 CPUs
[    0.427813] smpboot: Total of 2 processors activated (9577.83 BogoMIPS)
[    0.429615] devtmpfs: initialized
[    0.431738] evm: security.selinux
[    0.432593] evm: security.SMACK64
[    0.433396] evm: security.SMACK64EXEC
[    0.434332] evm: security.SMACK64TRANSMUTE
[    0.435267] evm: security.SMACK64MMAP
[    0.436135] evm: security.ima
[    0.436863] evm: security.capability
[    0.437938] clocksource: jiffies: mask: 0xffffffff max_cycles: 0xffffffff, max_idle_ns: 7645041785100000 ns
[    0.439993] futex hash table entries: 512 (order: 3, 32768 bytes)
[    0.441308] pinctrl core: initialized pinctrl subsystem
[    0.442566] RTC time: 10:35:32, date: 02/28/20
[    0.443684] NET: Registered protocol family 16
[    0.458801] cpuidle: using governor ladder
[    0.475369] cpuidle: using governor menu
[    0.476365] PCCT header not found.
[    0.477280] ACPI: bus type PCI registered
[    0.478223] acpiphp: ACPI Hot Plug PCI Controller Driver version: 0.5
[    0.479705] PCI: Using configuration type 1 for base access
[    0.496155] ACPI: Added _OSI(Module Device)
[    0.497165] ACPI: Added _OSI(Processor Device)
[    0.498120] ACPI: Added _OSI(3.0 _SCP Extensions)
[    0.499181] ACPI: Added _OSI(Processor Aggregator Device)
[    0.501093] ACPI: Executed 1 blocks of module-level executable AML code
[    0.505266] ACPI: Interpreter enabled
[    0.506246] ACPI: (supports S0 S5)
[    0.507150] ACPI: Using IOAPIC for interrupt routing
[    0.508379] PCI: Using host bridge windows from ACPI; if necessary, use "pci=nocrs" and report a bug
[    0.513963] ACPI: PCI Root Bridge [PCI0] (domain 0000 [bus 00-ff])
[    0.515285] acpi PNP0A03:00: _OSC: OS supports [ASPM ClockPM Segments MSI]
[    0.516977] acpi PNP0A03:00: _OSC: not requesting OS control; OS requires [ExtendedConfig ASPM ClockPM MSI]
[    0.519086] acpi PNP0A03:00: fail to add MMCONFIG information, can't access extended PCI configuration space under this bridge.
[    0.521844] PCI host bridge to bus 0000:00
[    0.522782] pci_bus 0000:00: root bus resource [io  0x0000-0x0cf7 window]
[    0.524228] pci_bus 0000:00: root bus resource [io  0x0d00-0xffff window]
[    0.525550] pci_bus 0000:00: root bus resource [mem 0x000a0000-0x000bffff window]
[    0.527198] pci_bus 0000:00: root bus resource [mem 0x40000000-0xfdffffff window]
[    0.528900] pci_bus 0000:00: root bus resource [bus 00-ff]
[    0.531975] pci 0000:00:01.1: legacy IDE quirk: reg 0x10: [io  0x01f0-0x01f7]
[    0.533455] pci 0000:00:01.1: legacy IDE quirk: reg 0x14: [io  0x03f6]
[    0.534751] pci 0000:00:01.1: legacy IDE quirk: reg 0x18: [io  0x0170-0x0177]
[    0.536274] pci 0000:00:01.1: legacy IDE quirk: reg 0x1c: [io  0x0376]
[    0.567801] pci 0000:00:07.0: quirk: [io  0x4000-0x403f] claimed by PIIX4 ACPI
[    0.569476] pci 0000:00:07.0: quirk: [io  0x4100-0x410f] claimed by PIIX4 SMB
[    0.582841] ACPI: PCI Interrupt Link [LNKA] (IRQs 5 9 10 *11)
[    0.584823] ACPI: PCI Interrupt Link [LNKB] (IRQs 5 9 *10 11)
[    0.586663] ACPI: PCI Interrupt Link [LNKC] (IRQs 5 *9 10 11)
[    0.588449] ACPI: PCI Interrupt Link [LNKD] (IRQs 5 9 10 *11)
[    0.590275] ACPI: Enabled 2 GPEs in block 00 to 07
[    0.591903] vgaarb: setting as boot device: PCI:0000:00:02.0
[    0.593097] vgaarb: device added: PCI:0000:00:02.0,decodes=io+mem,owns=io+mem,locks=none
[    0.594854] vgaarb: loaded
[    0.595631] vgaarb: bridge control possible 0000:00:02.0
[    0.596983] SCSI subsystem initialized
[    0.598002] ACPI: bus type USB registered
[    0.598969] usbcore: registered new interface driver usbfs
[    0.600139] usbcore: registered new interface driver hub
[    0.601297] usbcore: registered new device driver usb
[    0.602848] PCI: Using ACPI for IRQ routing
[    0.607876] NetLabel: Initializing
[    0.608704] NetLabel:  domain hash size = 128
[    0.609642] NetLabel:  protocols = UNLABELED CIPSOv4
[    0.610704] NetLabel:  unlabeled traffic allowed by default
[    0.612203] amd_nb: Cannot enumerate AMD northbridges
[    0.613371] clocksource: Switched to clocksource kvm-clock
[    0.628572] AppArmor: AppArmor Filesystem Enabled
[    0.629879] pnp: PnP ACPI init
[    0.631445] pnp: PnP ACPI: found 3 devices
[    0.643155] clocksource: acpi_pm: mask: 0xffffff max_cycles: 0xffffff, max_idle_ns: 2085701024 ns
[    0.645184] NET: Registered protocol family 2
[    0.646438] TCP established hash table entries: 8192 (order: 4, 65536 bytes)
[    0.647833] TCP bind hash table entries: 8192 (order: 5, 131072 bytes)
[    0.649155] TCP: Hash tables configured (established 8192 bind 8192)
[    0.650472] UDP hash table entries: 512 (order: 2, 16384 bytes)
[    0.651720] UDP-Lite hash table entries: 512 (order: 2, 16384 bytes)
[    0.653123] NET: Registered protocol family 1
[    0.654192] pci 0000:00:00.0: Limiting direct PCI/PCI transfers
[    0.655456] pci 0000:00:01.0: Activating ISA DMA hang workarounds
[    0.656822] Unpacking initramfs...
[    0.966287] Freeing initrd memory: 14872K
[    0.967422] RAPL PMU detected, API unit is 2^-32 Joules, 4 fixed counters 10737418240 ms ovfl timer
[    0.969232] hw unit of domain pp0-core 2^-0 Joules
[    0.970233] hw unit of domain package 2^-0 Joules
[    0.971188] hw unit of domain dram 2^-0 Joules
[    0.972071] hw unit of domain pp1-gpu 2^-0 Joules
[    0.973020] clocksource: tsc: mask: 0xffffffffffffffff max_cycles: 0x2283c44026a, max_idle_ns: 440795260713 ns
[    0.975027] platform rtc_cmos: registered platform RTC device (no PNP device found)
[    0.976611] Scanning for low memory corruption every 60 seconds
[    0.978071] audit: initializing netlink subsys (disabled)
[    0.979148] audit: type=2000 audit(1582886137.419:1): initialized
[    0.980520] Initialise system trusted keyring
[    0.981592] HugeTLB registered 2 MB page size, pre-allocated 0 pages
[    0.984065] zbud: loaded
[    0.985021] VFS: Disk quotas dquot_6.6.0
[    0.985882] VFS: Dquot-cache hash table entries: 512 (order 0, 4096 bytes)
[    0.987349] squashfs: version 4.0 (2009/01/31) Phillip Lougher
[    0.988755] fuse init (API version 7.23)
[    0.989758] Key type big_key registered
[    0.990615] Allocating IMA MOK and blacklist keyrings.
[    0.993236] Key type asymmetric registered
[    0.994205] Asymmetric key parser 'x509' registered
[    0.995219] Block layer SCSI generic (bsg) driver version 0.4 loaded (major 249)
[    0.996883] io scheduler noop registered
[    0.997808] io scheduler deadline registered (default)
[    0.998851] io scheduler cfq registered
[    0.999769] pci_hotplug: PCI Hot Plug PCI Core version: 0.5
[    1.000869] pciehp: PCI Express Hot Plug Controller Driver version: 0.4
[    1.002264] ACPI: AC Adapter [AC] (on-line)
[    1.003226] input: Power Button as /devices/LNXSYSTM:00/LNXPWRBN:00/input/input0
[    1.004762] ACPI: Power Button [PWRF]
[    1.005636] input: Sleep Button as /devices/LNXSYSTM:00/LNXSLPBN:00/input/input1
[    1.007165] ACPI: Sleep Button [SLPF]
[    1.008730] ACPI: Battery Slot [BAT0] (battery present)
[    1.009780] GHES: HEST is not enabled!
[    1.010737] Serial: 8250/16550 driver, 32 ports, IRQ sharing enabled
[    1.032830] 00:02: ttyS0 at I/O 0x3f8 (irq = 4, base_baud = 115200) is a 16550A
[    1.035933] Linux agpgart interface v0.103
[    1.038969] loop: module loaded
[    1.040499] scsi host0: ata_piix
[    1.041811] scsi host1: ata_piix
[    1.042777] ata1: PATA max UDMA/33 cmd 0x1f0 ctl 0x3f6 bmdma 0xd000 irq 14
[    1.044382] ata2: PATA max UDMA/33 cmd 0x170 ctl 0x376 bmdma 0xd008 irq 15
[    1.046247] libphy: Fixed MDIO Bus: probed
[    1.047350] tun: Universal TUN/TAP device driver, 1.6
[    1.048627] tun: (C) 1999-2004 Max Krasnyansky <maxk@qualcomm.com>
[    1.050212] PPP generic driver version 2.4.2
[    1.051485] ehci_hcd: USB 2.0 'Enhanced' Host Controller (EHCI) Driver
[    1.053018] ehci-pci: EHCI PCI platform driver
[    1.054322] ehci-platform: EHCI generic platform driver
[    1.055637] ohci_hcd: USB 1.1 'Open' Host Controller (OHCI) Driver
[    1.057141] ohci-pci: OHCI PCI platform driver
[    1.058342] ohci-platform: OHCI generic platform driver
[    1.059611] uhci_hcd: USB Universal Host Controller Interface driver
[    1.061195] i8042: PNP: PS/2 Controller [PNP0303:PS2K,PNP0f03:PS2M] at 0x60,0x64 irq 1,12
[    1.064031] serio: i8042 KBD port at 0x60,0x64 irq 1
[    1.065458] serio: i8042 AUX port at 0x60,0x64 irq 12
[    1.066789] mousedev: PS/2 mouse device common for all mice
[    1.069004] input: AT Translated Set 2 keyboard as /devices/platform/i8042/serio0/input/input2
[    1.072640] rtc_cmos rtc_cmos: rtc core: registered rtc_cmos as rtc0
[    1.074337] rtc_cmos rtc_cmos: alarms up to one day, 114 bytes nvram
[    1.076001] i2c /dev entries driver
[    1.077182] device-mapper: uevent: version 1.0.3
[    1.078844] device-mapper: ioctl: 4.34.0-ioctl (2015-10-28) initialised: dm-devel@redhat.com
[    1.081174] ledtrig-cpu: registered to indicate activity on CPUs
[    1.083755] NET: Registered protocol family 10
[    1.085190] NET: Registered protocol family 17
[    1.086569] Key type dns_resolver registered
[    1.088377] registered taskstats version 1
[    1.089815] Loading compiled-in X.509 certificates
[    1.092072] Loaded X.509 cert 'Build time autogenerated kernel key: 4e6a82653c7e3a258f066f23f1954299de63b157'
[    1.094518] zswap: loaded using pool lzo/zbud
[    1.097503] Key type trusted registered
[    1.102964] Key type encrypted registered
[    1.105843] AppArmor: AppArmor sha1 policy hashing enabled
[    1.107529] ima: No TPM chip found, activating TPM-bypass!
[    1.109007] ima: Allocated hash algorithm: sha1
[    1.110243] evm: HMAC attrs: 0x1
[    1.111465]   Magic number: 8:169:579
[    1.112328] pci_bus 0000:00: hash matches
[    1.113307] rtc_cmos rtc_cmos: setting system clock to 2020-02-28 10:35:32 UTC (1582886132)
[    1.115600] BIOS EDD facility v0.16 2004-Jun-25, 0 devices found
[    1.116877] EDD information not available.
[    1.227188] Freeing unused kernel memory: 1488K
[    1.228218] Write protecting the kernel read-only data: 14336k
[    1.230013] Freeing unused kernel memory: 1604K
[    1.231239] Freeing unused kernel memory: 64K
Loading, please wait...
starting version 229
[    1.246332] random: systemd-udevd: uninitialized urandom read (16 bytes read, 3 bits of entropy available)
[    1.246929] random: udevadm: uninitialized urandom read (16 bytes read, 3 bits of entropy available)
[    1.246946] random: udevadm: uninitialized urandom read (16 bytes read, 3 bits of entropy available)
[    1.253137] random: systemd-udevd: uninitialized urandom read (16 bytes read, 3 bits of entropy available)
[    1.255663] random: udevadm: uninitialized urandom read (16 bytes read, 3 bits of entropy available)
[    1.255721] random: udevadm: uninitialized urandom read (16 bytes read, 3 bits of entropy available)
[    1.255910] random: udevadm: uninitialized urandom read (16 bytes read, 3 bits of entropy available)
[    1.255999] random: udevadm: uninitialized urandom read (16 bytes read, 3 bits of entropy available)
[    1.256096] random: udevadm: uninitialized urandom read (16 bytes read, 3 bits of entropy available)
[    1.256174] random: udevadm: uninitialized urandom read (16 bytes read, 3 bits of entropy available)
[    1.309237] e1000: Intel(R) PRO/1000 Network Driver - version 7.3.21-k8-NAPI
[    1.310938] e1000: Copyright (c) 1999-2006 Intel Corporation.
[    1.312518] Fusion MPT base driver 3.04.20
[    1.313656] Copyright (c) 1999-2008 LSI Corporation
[    1.319943] Fusion MPT SPI Host driver 3.04.20
[    1.347511] AVX2 version of gcm_enc/dec engaged.
[    1.348796] AES CTR mode by8 optimization enabled
[    1.542199] input: ImExPS/2 Generic Explorer Mouse as /devices/platform/i8042/serio1/input/input4
[    1.998995] e1000 0000:00:03.0 eth0: (PCI:33MHz:32-bit) 02:0e:0c:9a:00:f0
[    2.000404] e1000 0000:00:03.0 eth0: Intel(R) PRO/1000 Network Connection
[    2.002617] mptbase: ioc0: Initiating bringup
[    3.321758] ioc0: LSI53C1030 A0: Capabilities={Initiator}
[    6.988571] scsi host2: ioc0: LSI53C1030 A0, FwRev=00000000h, Ports=1, MaxQ=256, IRQ=20
[    8.982467] scsi 2:0:0:0: Direct-Access     VBOX     HARDDISK         1.0  PQ: 0 ANSI: 5
[    8.984446] scsi target2:0:0: Beginning Domain Validation
[    8.988239] scsi target2:0:0: Domain Validation skipping write tests
[    8.989441] scsi target2:0:0: Ending Domain Validation
[    8.991041] scsi target2:0:0: asynchronous
[    9.004132] scsi 2:0:1:0: Direct-Access     VBOX     HARDDISK         1.0  PQ: 0 ANSI: 5
[    9.006097] scsi target2:0:1: Beginning Domain Validation
[    9.009841] scsi target2:0:1: Domain Validation skipping write tests
[    9.011307] scsi target2:0:1: Ending Domain Validation
[    9.012577] scsi target2:0:1: asynchronous
[    9.030128] sd 2:0:0:0: Attached scsi generic sg0 type 0
[    9.031644] sd 2:0:1:0: Attached scsi generic sg1 type 0
[    9.032077] sd 2:0:1:0: [sdb] 20480 512-byte logical blocks: (10.5 MB/10.0 MiB)
[    9.032092] sd 2:0:0:0: [sda] 20971520 512-byte logical blocks: (10.7 GB/10.0 GiB)
[    9.032200] sd 2:0:0:0: [sda] Write Protect is off
[    9.032214] sd 2:0:1:0: [sdb] Write Protect is off
[    9.032287] sd 2:0:0:0: [sda] Incomplete mode parameter data
[    9.032288] sd 2:0:0:0: [sda] Assuming drive cache: write through
[    9.032299] sd 2:0:1:0: [sdb] Incomplete mode parameter data
[    9.032301] sd 2:0:1:0: [sdb] Assuming drive cache: write through
[    9.079762]  sda: sda1
[    9.081772] sd 2:0:0:0: [sda] Attached SCSI disk
[    9.089547] sd 2:0:1:0: [sdb] Attached SCSI disk
[   10.279259] e1000 0000:00:08.0 eth1: (PCI:33MHz:32-bit) 08:00:27:93:86:64
[   10.280646] e1000 0000:00:08.0 eth1: Intel(R) PRO/1000 Network Connection
[   10.282865] e1000 0000:00:03.0 enp0s3: renamed from eth0
[   10.294283] e1000 0000:00:08.0 enp0s8: renamed from eth1
Begin: Loading essential drivers ... [   11.635489] md: linear personality registered for level -1
[   11.639561] md: multipath personality registered for level -4
[   11.644569] md: raid0 personality registered for level 0
[   11.649957] md: raid1 personality registered for level 1
[   11.722122] raid6: sse2x1   gen()  6473 MB/s
[   11.793451] raid6: sse2x1   xor()  3598 MB/s
[   11.861770] raid6: sse2x2   gen()  6119 MB/s
[   11.929568] raid6: sse2x2   xor()  6716 MB/s
[   11.997442] raid6: sse2x4   gen() 12660 MB/s
[   12.065762] raid6: sse2x4   xor()  8852 MB/s
[   12.134107] raid6: avx2x1   gen() 15767 MB/s
[   12.201548] raid6: avx2x2   gen() 19189 MB/s
[   12.269822] raid6: avx2x4   gen() 23190 MB/s
[   12.270831] raid6: using algorithm avx2x4 gen() 23190 MB/s
[   12.271978] raid6: using avx2x2 recovery algorithm
[   12.274401] xor: automatically using best checksumming function:
[   12.317453]    avx       : 23646.000 MB/sec
[   12.319822] async_tx: api initialized (async)
[   12.332436] md: raid6 personality registered for level 6
[   12.333579] md: raid5 personality registered for level 5
[   12.334744] md: raid4 personality registered for level 4
[   12.343268] md: raid10 personality registered for level 10
done.
Begin: Running /scripts/init-premount ... done.
Begin: Mounting root file system ... Begin: Running /scripts/local-top ... done.
Begin: Running /scripts/local-premount ... [   12.375616] Btrfs loaded
Scanning for Btrfs filesystems
done.
Warning: fsck not present, so skipping root file system
[   12.434061] EXT4-fs (sda1): mounted filesystem with ordered data mode. Opts: (null)
done.
Begin: Running /scripts/local-bottom ... done.
Begin: Running /scripts/init-bottom ... done.
[   13.059361] systemd[1]: systemd 229 running in system mode. (+PAM +AUDIT +SELINUX +IMA +APPARMOR +SMACK +SYSVINIT +UTMP +LIBCRYPTSETUP +GCRYPT +GNUTLS +ACL +XZ -LZ4 +SECCOMP +BLKID +ELFUTILS +KMOD -IDN)
[   13.063190] systemd[1]: Detected virtualization oracle.
[   13.064300] systemd[1]: Detected architecture x86-64.

Welcome to [1mUbuntu 16.04.6 LTS[0m!

[   13.125713] systemd[1]: Set hostname to <ubuntu>.
[   13.175842] random: nonblocking pool is initialized
[   13.176998] systemd[1]: Initializing machine ID from random generator.
[   13.178522] systemd[1]: Installed transient /etc/machine-id file.
[   14.162469] systemd[1]: Listening on udev Kernel Socket.
[[0;32m  OK  [0m] Listening on udev Kernel Socket.
[   14.165062] systemd[1]: Listening on udev Control Socket.
[[0;32m  OK  [0m] Listening on udev Control Socket.
[   14.174441] systemd[1]: Reached target Encrypted Volumes.
[[0;32m  OK  [0m] Reached target Encrypted Volumes.
[   14.177472] systemd[1]: Created slice System Slice.
[[0;32m  OK  [0m] Created slice System Slice.
[   14.185765] systemd[1]: Listening on Syslog Socket.
[[0;32m  OK  [0m] Listening on Syslog Socket.
[   14.194777] systemd[1]: Created slice system-serial\x2dgetty.slice.
[[0;32m  OK  [0m] Created slice system-serial\x2dgetty.slice.
[   14.202354] systemd[1]: Reached target Swap.
[[0;32m  OK  [0m] Reached target Swap.
[   14.204318] systemd[1]: Listening on Device-mapper event daemon FIFOs.
[[0;32m  OK  [0m] Listening on Device-mapper event daemon FIFOs.
[   14.214355] systemd[1]: Listening on Journal Socket (/dev/log).
[[0;32m  OK  [0m] Listening on Journal Socket (/dev/log).
[   14.225992] systemd[1]: Listening on /dev/initctl Compatibility Named Pipe.
[[0;32m  OK  [0m] Listening on /dev/initctl Compatibility Named Pipe.
[   14.228630] systemd[1]: Listening on Journal Socket.
[[0;32m  OK  [0m] Listening on Journal Socket.
[   14.250326] systemd[1]: Mounting Debug File System...
         Mounting Debug File System...
[   14.253485] systemd[1]: Starting Set console keymap...
         Starting Set console keymap...
[   14.256279] systemd[1]: Starting Nameserver information manager...
         Starting Nameserver information manager...
[   14.266291] systemd[1]: Starting Uncomplicated firewall...
         Starting Uncomplicated firewall...
[   14.269179] systemd[1]: Mounting Huge Pages File System...
         Mounting Huge Pages File System...
[   14.271981] systemd[1]: Starting Remount Root and Kernel File Systems...
         Starting Remount Root and Kernel File Systems...
[   14.274521] systemd[1]: Listening on LVM2 metadata daemon socket.
[[0;32m  OK  [0m] Listening on LVM2 metadata daemon socket.
[   14.282238] systemd[1]: Starting Monitoring of LVM2 mirrors, snapshots etc. using dmeventd or progress polling...
         Starting Monitoring of LVM2 mirrors... dmeventd or progress polling...
[   14.286054] systemd[1]: Started Trigger resolvconf update for networkd DNS.
[   14.288525] EXT4-fs (sda1): re-mounted. Opts: (null)
[[0;32m  OK  [0m] Started Trigger resolvconf update for networkd DNS.
[   14.291011] systemd[1]: Created slice User and Session Slice.
[[0;32m  OK  [0m] Created slice User and Session Slice.
[   14.302124] systemd[1]: Reached target Slices.
[[0;32m  OK  [0m] Reached target Slices.
[   14.303924] systemd[1]: Reached target System Time Synchronized.
[[0;32m  OK  [0m] Reached target System Time Synchronized.
[   14.315036] systemd[1]: Listening on Journal Audit Socket.
[[0;32m  OK  [0m] Listening on Journal Audit Socket.
[   14.329615] systemd[1]: Starting Journal Service...
         Starting Journal Service...
[   14.338383] systemd[1]: Listening on LVM2 poll daemon socket.
[[0;32m  OK  [0m] Listening on LVM2 poll daemon socket.
[   14.441777] systemd[1]: Starting Load Kernel Modules...
         Starting Load Kernel Modules...
[   14.444012] systemd[1]: Started Forward Password Requests to Wall Directory Watch.
[[0;32m  OK  [0m] Started Forward Password Requests to Wall Directory Watch.
[   14.447416] systemd[1]: Mounting POSIX Message Queue File System...
         Mounting POSIX Message Queue File System...
[   14.458987] systemd[1]: Starting Create list of required static device nodes for the current kernel...
         Starting Create list of required st... nodes for the current kernel...
[   14.470105] systemd[1]: Set up automount Arbitrary Executable File Formats File System Automount Point.
[[0;32m  OK  [0m] Set up automount Arbitrary Executab...ats File System Automount Point.
[   14.505615] systemd[1]: Reached target User and Group Name Lookups.
[[0;32m  OK  [0m] Reached target User and Group Name Lookups.
[   14.539280] systemd[1]: Mounted Debug File System.
[[0;32m  OK  [0m] Mounted Debug File System.
[   14.541989] systemd[1]: Mounted Huge Pages File System.
[[0;32m  OK  [0m] Mounted Huge Pages File System.
[   14.545128] systemd[1]: Mounted POSIX Message Queue File System.
[[0;32m  OK  [0m] Mounted POSIX Message Queue File System.
[   14.549547] systemd[1]: Started Uncomplicated firewall.
[[0;32m  OK  [0m] Started Uncomplicated firewall.
[   14.553902] systemd[1]: Started Remount Root and Kernel File Systems.
[[0;32m  OK  [0m] Started Remount Root and Kernel File Systems.
[   14.563322] systemd[1]: Starting Load/Save Random Seed...
         Starting Load/Save Random Seed...
[   14.698379] systemd[1]: Starting udev Coldplug all Devices...
         Starting udev Coldplug all Devices...
[   14.703348] systemd[1]: Started Set console keymap.
[[0;32m  OK  [0m] Started Set console keymap.
[   14.705582] systemd[1]: Started Create list of required static device nodes for the current kernel.
[   14.711022] Loading iSCSI transport class v2.0-870.
[[0;32m  OK  [0m] Started Create list of required sta...ce nodes for the current kernel.
[   14.726298] systemd[1]: Started Nameserver information manager.
[[0;32m  OK  [0m] Started Nameserver information manager.
[   14.730135] systemd[1]: Starting Create Static Device Nodes in /dev...
         Starting Create Static Device Nodes in /dev...
[   14.798661] systemd[1]: Started LVM2 metadata daemon.
[[0;32m  OK  [0m] Started LVM2 metadata daemon.
[   14.806385] systemd[1]: Started Journal Service.
[[0;32m  OK  [0m] Started Journal Service.
         Starting Flush Journal to Persistent Storage...
[[0;32m  OK  [0m] Started Load/Save Random Seed.
[[0;32m  OK  [0m] Started udev Coldplug all Devices.
[   14.845140] iscsi: registered transport (tcp)
[   14.977703] systemd-journald[392]: Received request to flush runtime journal from PID 1
[[0;32m  OK  [0m] Started Flush Journal to Persistent Storage.
[   16.467437] iscsi: registered transport (iser)
[[0;32m  OK  [0m] Started Load Kernel Modules.
         Mounting FUSE Control File System...
         Starting Apply Kernel Variables...
[[0;32m  OK  [0m] Mounted FUSE Control File System.
[[0;32m  OK  [0m] Started Monitoring of LVM2 mirrors,...ng dmeventd or progress polling.
[[0;32m  OK  [0m] Started Apply Kernel Variables.
[[0;32m  OK  [0m] Started Create Static Device Nodes in /dev.
         Starting udev Kernel Device Manager...
[[0;32m  OK  [0m] Reached target Local File Systems (Pre).
[[0;32m  OK  [0m] Reached target Local File Systems.
         Starting Initial cloud-init job (pre-networking)...
         Starting Tell Plymouth To Write Out Runtime Data...
         Starting Create Volatile Files and Directories...
         Starting LSB: AppArmor initialization...
         Starting Commit a transient machine-id on disk...
         Starting Set console font and keymap...
[[0;32m  OK  [0m] Started Commit a transient machine-id on disk.
[[0;32m  OK  [0m] Started Tell Plymouth To Write Out Runtime Data.
[[0;32m  OK  [0m] Started Create Volatile Files and Directories.
         Starting Update UTMP about System Boot/Shutdown...
[[0;32m  OK  [0m] Started Update UTMP about System Boot/Shutdown.
[[0;32m  OK  [0m] Started udev Kernel Device Manager.
[[0;32m  OK  [0m] Started Dispatch Password Requests to Console Directory Watch.
[[0;32m  OK  [0m] Found device /dev/ttyS0.
[[0;32m  OK  [0m] Listening on Load/Save RF Kill Switch Status /dev/rfkill Watch.
[[0;32m  OK  [0m] Started LSB: AppArmor initialization.
[[0;32m  OK  [0m] Started Set console font and keymap.
[[0;32m  OK  [0m] Created slice system-getty.slice.
[   28.325959] cloud-init[456]: Cloud-init v. 19.4-33-gbb4131a2-0ubuntu1~16.04.1 running 'init-local' at Fri, 28 Feb 2020 10:35:58 +0000. Up 26.67 seconds.
[[0;32m  OK  [0m] Started Initial cloud-init job (pre-networking).
[[0;32m  OK  [0m] Reached target Network (Pre).
         Starting Raise network interfaces...
[[0;32m  OK  [0m] Started Raise network interfaces.
         Starting Initial cloud-init job (metadata service crawler)...
[[0;32m  OK  [0m] Reached target Network.
[   32.789273] cloud-init[963]: Cloud-init v. 19.4-33-gbb4131a2-0ubuntu1~16.04.1 running 'init' at Fri, 28 Feb 2020 10:36:01 +0000. Up 29.98 seconds.
[   32.791855] cloud-init[963]: ci-info: ++++++++++++++++++++++++++++++++++++Net device info+++++++++++++++++++++++++++++++++++++
[   32.801330] cloud-init[963]: ci-info: +--------+-------+------------------------+---------------+--------+-------------------+
[   32.802951] cloud-init[963]: ci-info: | Device |   Up  |        Address         |      Mask     | Scope  |     Hw-Address    |
[   32.804474] cloud-init[963]: ci-info: +--------+-------+------------------------+---------------+--------+-------------------+
[   32.812991] cloud-init[963]: ci-info: | enp0s3 |  True |       10.0.2.15        | 255.255.255.0 | global | 02:0e:0c:9a:00:f0 |
[   32.815152] cloud-init[963]: ci-info: | enp0s3 |  True | fe80::e:cff:fe9a:f0/64 |       .       |  link  | 02:0e:0c:9a:00:f0 |
[   32.820788] cloud-init[963]: ci-info: | enp0s8 | False |           .            |       .       |   .    | 08:00:27:93:86:64 |
[   32.822448] cloud-init[963]: ci-info: |   lo   |  True |       127.0.0.1        |   255.0.0.0   |  host  |         .         |
[   32.824173] cloud-init[963]: ci-info: |   lo   |  True |        ::1/128         |       .       |  host  |         .         |
[   32.826331] cloud-init[963]: ci-info: +--------+-------+------------------------+---------------+--------+-------------------+
[   32.830500] cloud-init[963]: ci-info: +++++++++++++++++++++++++++Route IPv4 info++++++++++++++++++++++++++++
[   32.836472] cloud-init[963]: ci-info: +-------+-------------+----------+---------------+-----------+-------+
[   32.844394] cloud-init[963]: ci-info: | Route | Destination | Gateway  |    Genmask    | Interface | Flags |
[   32.846221] cloud-init[963]: ci-info: +-------+-------------+----------+---------------+-----------+-------+
[   32.848444] cloud-init[963]: ci-info: |   0   |   0.0.0.0   | 10.0.2.2 |    0.0.0.0    |   enp0s3  |   UG  |
[   32.856659] [[0;32m  OK  [0m] Started Initial cloud-init job (metadata service crawler).
[cloud-init[0;32m  OK  [0m] Reached target Cloud-config availability.
[[0;32m  OK  [0m] Reached target System Initialization.
[963]: ci-info: |   1   |   10.0.2.0  | 0.0.0.0  | 255.255.255.0 |   enp0s3  |   U   |
[   32.859793] [[0;32m  OK  [0m] Started Daily apt download activities.
[[0;32m  OK  [0m] Listening on ACPID Listen Socket.
[[0;32m  OK  [0m] Listening on UUID daemon activation socket.
[[0;32m  OK  [0m] Started Message of the Day.
[[0;32m  OK  [0m] Started Daily apt upgrade and clean activities.
[[0;32m  OK  [0m] Started Daily Cleanup of Temporary Directories.
cloud-init[[963]: [0;32m  OK  [0mci-info: +-------+-------------+----------+---------------+-----------+-------+] 
Reached target Timers.
[   32.865413] [[0;32m  OK  [0m] Listening on D-Bus System Message Bus Socket.
cloud-init[963]: ci-info: +++++++++++++++++++Route IPv6 info+++++++++++++++++++
[   32.872509] cloud-init[963]: ci-info: +-------+-------------+---------+-----------+-------+
[   32.880359] cloud-init[963]: ci-info: | Route | Destination | Gateway | Interface | Flags |
[   32.894986]          Starting LXD - unix socket.
cloud-init[963]: ci-info: +-------+-------------+---------+-----------+-------+
[   32.896937] cloud-init[963]: ci-info: |   0   |  fe80::/64  |    ::   |   enp0s3  |   U   |
[   32.904834] cloud-init[963]: ci-info: |   3   |   ff00::/8  |    ::   |   enp0s3  |   U   |
[   32.906068] cloud-init[963]: ci-info: +-------+-------------+---------+-----------+-------+[[0;32m  OK  [0m] Started ACPI Events Check.
[[0;32m  OK  [0m] Reached target Paths.
         Starting Socket activation for snappy daemon.
[[0;32m  OK  [0m] Reached target Network is Online.

[   32.910442] cloud-init[963]: Generating public/private rsa key pair.
[   32.911908] cloud-init[963]: Your identification has been saved in /etc/ssh/ssh_host_rsa_key.
[   32.920421]          Starting iSCSI initiator daemon (iscsid)...
[[0;32m  OK  [0m] Listening on LXD - unix socket.
[[0;32m  OK  [0m] Listening on Socket activation for snappy daemon.
[[0;32m  OK  [0m] Reached target Sockets.
[[0;32m  OK  [0m] Reached target Basic System.
cloud-init[963]: Your public key has been saved in /etc/ssh/ssh_host_rsa_key.pub.[[0;32m  OK  [0m] Started D-Bus System Message Bus.

[   32.925894] cloud-init[963]: The key fingerprint is:
[   32.927373] cloud-init[963]: SHA256:nr+yTEi5o7tnF3ll9DyF82gZnkQHmMOMKyQpgjaRero root@ubuntu-xenial
[   32.929526] cloud-init[963]: The key's randomart image is:
[   32.930991] cloud-init[963]: +---[RSA 2048]----+
[   32.931923] cloud-init[963]: | oo    .   + +oo.|
[   32.932922] cloud-init[963]: |.+. . o . . B =..|
[   32.934000] cloud-init[963]: |o .. . o   o * O |
[   32.934941] cloud-init[963]: |. .    .. . o X .|
[   32.935892] cloud-init[963]: | o    o So o . . |
[   32.936949] cloud-init[963]: |.    . +o..      |
[   32.937887] cloud-init[963]: | .    + +o       |
[   32.938856] cloud-init[963]: |E    .o+o.       |
[   32.939831] cloud-init[963]: |    += .ooo.     |
[   32.940867] cloud-init[963]: +----[SHA256]-----+
[   32.941875] cloud-init[963]: Generating public/private dsa key pair.
[   32.943008] cloud-init[963]: Your identification has been saved in /etc/ssh/ssh_host_dsa_key.
[   32.944485] cloud-init[963]: Your public key has been saved in /etc/ssh/ssh_host_dsa_key.pub.
[   32.945849] cloud-init[963]: The key fingerprint is:
[   32.946935] cloud-init[963]: SHA256:es7zuhg8rPOH0qT0BAv7Rzp09tXDkpkniPPRo/tORKg root@ubuntu-xenial
[   32.948469] cloud-init[963]: The key's randomart image is:
[   32.949490] cloud-init[963]: +---[DSA 1024]----+
[   32.950414] cloud-init[963]: |                 |
[   32.951347] cloud-init[963]: |         .       |
[   32.952345] cloud-init[963]: |        . .      |
[   32.953278] cloud-init[963]: |  . .  . .       |
[   32.954439] cloud-init[963]: |   o oE.So.*     |
[   32.955427] cloud-init[963]: |  . +oO.o.X =    |
[   32.956747] cloud-init[963]: |   + @*=.+.= .   |
[   32.957696] cloud-init[963]: |    B.=B*.       |
[   32.964906] cloud-init[963]: |    .*o.*O+      |
[   32.965983] cloud-init[963]: +----[SHA256]-----+
[   32.972722] cloud-init[963]: Generating public/private ecdsa key pair.
[   32.980745] cloud-init[963]: Your identification has been saved in /etc/ssh/ssh_host_ecdsa_key.
[   32.988625] cloud-init[963]: Your public key has been saved in /etc/ssh/ssh_host_ecdsa_key.pub.
[   32.991019] cloud-init[963]: The key fingerprint is:
[   32.999407] cloud-init[963]: SHA256:avV8vqV+wZ16791M5Qa0Q7rQ3Rn0tSsdFcyUH6R2QyE root@ubuntu-xenial
[   33.000751] cloud-init[963]: The key's randomart image is:
[   33.008907] cloud-init[963]: +---[ECDSA 256]---+
[   33.016883] cloud-init[963]: |             E=B*|
[   33.017778] cloud-init[963]: |              ===|
[   33.018664] cloud-init[963]: |             oo*+|
[   33.024628] cloud-init[963]: |           ..=ooB|
[   33.032505] cloud-init[963]: |        S . oo==+|
[   33.033679] cloud-init[963]: |       o o . .+=o|
[   33.034817] cloud-init[963]: |      o   o o o.+|
[   33.036149] cloud-init[963]: |     .     o +.=o|
[   33.037452] cloud-init[963]: |           .=o..B|
[   33.038622] cloud-init[963]: +----[SHA256]-----+
[   33.039940] cloud-init[963]: Generating public/private ed25519 key pair.
[   33.041511] cloud-init[963]: Your identification has been saved in /etc/ssh/ssh_host_ed25519_key.
[   33.043298] cloud-init[963]: Your public key has been saved in /etc/ssh/ssh_host_ed25519_key.pub.
[   33.045363] cloud-init[963]: The key fingerprint is:
[   33.046620] cloud-init[963]: SHA256:GOTDCGbVLZOGO3kyOX2QVjz4y9SJpjgbSd9NjW/I+hI root@ubuntu-xenial
[   33.048625] cloud-init[963]: The key's randomart image is:
[   33.050334] cloud-init[963]: +--[ED25519 256]--+
[   33.051595] cloud-init[963]: |  +..o.B.        |
[   33.052880] cloud-init[963]: | o ..=@ +        |
[   33.053996] cloud-init[963]: |    .B== + +     |
[   33.055128] cloud-init[963]: |    X o+* = .    |
[   33.056350] cloud-init[963]: |   . X.BS= o     |
[   33.057765] cloud-init[963]: |    = o E + o    |
[   33.058918] cloud-init[963]: |     +   o .     |
[   33.060160] cloud-init[963]: |    .   o        |
[   33.061545] cloud-init[963]: |         o.      |
[   33.062804] cloud-init[963]: +----[SHA256]-----+
[[0;32m  OK  [0m] Started Deferred execution scheduler.
[[0;32m  OK  [0m] Started FUSE filesystem for LXC.
         Starting /etc/rc.local Compatibility...
         Starting LSB: MD monitoring daemon...
[[0;32m  OK  [0m] Started ACPI event daemon.
         Starting LSB: Record successful boot for GRUB...
         Starting System Logging Service...
         Starting Pollinate to seed the pseudo random number generator...
[[0;32m  OK  [0m] Started Regular background program processing daemon.
         Starting Snappy daemon...
         Starting Virtualbox guest utils...
         Starting LXD - container startup/shutdown...
         Starting Accounts Service...
         Starting Login Service...
[[0;32m  OK  [0m] Started /etc/rc.local Compatibility.
[[0;32m  OK  [0m] Started iSCSI initiator daemon (iscsid).
         Starting Login to default iSCSI targets...
[[0;32m  OK  [0m] Started LSB: Record successful boot for GRUB.
[[0;32m  OK  [0m] Started Login Service.
[[0;32m  OK  [0m] Started Unattended Upgrades Shutdown.
[[0;32m  OK  [0m] Started Login to default iSCSI targets.
[[0;32m  OK  [0m] Reached target Remote File Systems (Pre).
[[0;32m  OK  [0m] Reached target Remote File Systems.
         Starting Permit User Sessions...
         Starting LSB: automatic crash report generation...
         Starting LSB: Set the CPU Frequency Scaling governor to "ondemand"...
         Starting LSB: daemon to balance interrupts for SMP systems...
[[0;32m  OK  [0m] Started LSB: Set the CPU Frequency Scaling governor to "ondemand".
[[0;32m  OK  [0m] Started Permit User Sessions.
         Starting Hold until boot process finishes up...
         Starting Terminate Plymouth Boot Screen...
[[0;32m  OK  [0m] Started Hold until boot process finishes up.
[[0;32m  OK  [0m] Started Getty on tty1.
[[0;32m  OK  [0m] Started Serial Getty on ttyS0.
[[0;32m  OK  [0m] Reached target Login Prompts.
         Starting Set console scheme...
[[0;32m  OK  [0m] Started Terminate Plymouth Boot Screen.
[[0;32m  OK  [0m] Started LSB: MD monitoring daemon.
[[0;32m  OK  [0m] Started System Logging Service.
[[0;32m  OK  [0m] Started LSB: automatic crash report generation.
[[0;32m  OK  [0m] Started Set console scheme.
[[0;32m  OK  [0m] Started Virtualbox guest utils.
[[0;32m  OK  [0m] Started LSB: daemon to balance interrupts for SMP systems.
         Starting Authenticate and Authorize Users to Run Privileged Tasks...
[[0;32m  OK  [0m] Started Authenticate and Authorize Users to Run Privileged Tasks.
[[0;32m  OK  [0m] Started Accounts Service.
[[0;32m  OK  [0m] Started Pollinate to seed the pseudo random number generator.
         Starting OpenBSD Secure Shell server...
[[0;32m  OK  [0m] Started Snappy daemon.
         Starting Wait until snapd is fully seeded...
[[0;32m  OK  [0m] Started OpenBSD Secure Shell server.
[[0;32m  OK  [0m] Started LXD - container startup/shutdown.
[[0;32m  OK  [0m] Created slice User Slice of vagrant.
         Starting User Manager for UID 1000...
[[0;32m  OK  [0m] Started Session 1 of user vagrant.
[[0;32m  OK  [0m] Started User Manager for UID 1000.

Ubuntu 16.04.6 LTS ubuntu-xenial ttyS0

ubuntu-xenial login: [   47.228201] cloud-init[1508]: Generating locales (this might take a while)...
[   53.641927] cloud-init[1508]:   en_US.UTF-8... done
[   53.643306] cloud-init[1508]: Generation complete.
[   58.636673] cloud-init[1508]: Cloud-init v. 19.4-33-gbb4131a2-0ubuntu1~16.04.1 running 'modules:config' at Fri, 28 Feb 2020 10:36:15 +0000. Up 43.73 seconds.
ci-info: no authorized SSH keys fingerprints found for user ubuntu.
<14>Feb 28 10:36:30 ec2: 
<14>Feb 28 10:36:30 ec2: #############################################################
<14>Feb 28 10:36:30 ec2: -----BEGIN SSH HOST KEY FINGERPRINTS-----
<14>Feb 28 10:36:30 ec2: 1024 SHA256:es7zuhg8rPOH0qT0BAv7Rzp09tXDkpkniPPRo/tORKg root@ubuntu-xenial (DSA)
<14>Feb 28 10:36:30 ec2: 256 SHA256:avV8vqV+wZ16791M5Qa0Q7rQ3Rn0tSsdFcyUH6R2QyE root@ubuntu-xenial (ECDSA)
<14>Feb 28 10:36:30 ec2: 256 SHA256:GOTDCGbVLZOGO3kyOX2QVjz4y9SJpjgbSd9NjW/I+hI root@ubuntu-xenial (ED25519)
<14>Feb 28 10:36:30 ec2: 2048 SHA256:nr+yTEi5o7tnF3ll9DyF82gZnkQHmMOMKyQpgjaRero root@ubuntu-xenial (RSA)
<14>Feb 28 10:36:30 ec2: -----END SSH HOST KEY FINGERPRINTS-----
<14>Feb 28 10:36:30 ec2: #############################################################
-----BEGIN SSH HOST KEY KEYS-----
ecdsa-sha2-nistp256 AAAAE2VjZHNhLXNoYTItbmlzdHAyNTYAAAAIbmlzdHAyNTYAAABBBFcyLRuUqZ/Unr+bwJWEzoXfCFh7euF3tnV+4a3Bn6oZr1eU/fd1wl8kJZrHSnN81EkNyRAehEG5Vn+bCc3y5bY= root@ubuntu-xenial
ssh-ed25519 AAAAC3NzaC1lZDI1NTE5AAAAIARHlSZjvL6Y4KO2HSgR4jdxg45DpZ88DvH2YQsznDpi root@ubuntu-xenial
ssh-rsa AAAAB3NzaC1yc2EAAAADAQABAAABAQDblo1be5C3smXFdru4Hq3HrSCk5I5C/TPyPTD42illUe7IG/lhqgW1Kart6ojrYNYB/7/qriJwo8eM5aeZlo7gD/HHLJGVva+0AEUWf1dE2WeiMilOEck6Y119/f8kZfIAiU/GnnUy5wiEG5vkwf3773+nHRSDhZJ+8MJlFYKjR6BlPQGIDM02YSp6uwqsgww8uUQfEpbENTLP2e3Hf/E4FtweOxuGDKXQb3pXast7Jdxt6tmK8S+uV+YXgjhkgwEXGEqHFgGu8MPl0xUjfvp/89h6T0vQc+osdhuXAL0v112P0Gba1Bh4ehfrDzPtYuhdUzxwlvAXEYC6U4QlrQFD root@ubuntu-xenial
-----END SSH HOST KEY KEYS-----
[   59.322296] cloud-init[1557]: Cloud-init v. 19.4-33-gbb4131a2-0ubuntu1~16.04.1 running 'modules:final' at Fri, 28 Feb 2020 10:36:30 +0000. Up 59.00 seconds.
[   59.322574] cloud-init[1557]: ci-info: no authorized SSH keys fingerprints found for user ubuntu.
[   59.323883] cloud-init[1557]: Cloud-init v. 19.4-33-gbb4131a2-0ubuntu1~16.04.1 finished at Fri, 28 Feb 2020 10:36:30 +0000. Datasource DataSourceNoCloud [seed=/dev/sdb][dsmode=net].  Up 59.31 seconds
